Determining if the pthread_create exist failed with the following output:
Change Dir: /home/leonardo/cuda-workspace/GAMMA_raw/CMakeFiles/CMakeTmp

Run Build Command:"/usr/bin/make" "cmTC_a449c/fast"
/usr/bin/make -f CMakeFiles/cmTC_a449c.dir/build.make CMakeFiles/cmTC_a449c.dir/build
make[1]: Entering directory `/home/leonardo/cuda-workspace/GAMMA_raw/CMakeFiles/CMakeTmp'
Building CXX object CMakeFiles/cmTC_a449c.dir/CheckSymbolExists.cxx.o
/usr/bin/c++     -o CMakeFiles/cmTC_a449c.dir/CheckSymbolExists.cxx.o -c /home/leonardo/cuda-workspace/GAMMA_raw/CMakeFiles/CMakeTmp/CheckSymbolExists.cxx
Linking CXX executable cmTC_a449c
/usr/local/bin/cmake -E cmake_link_script CMakeFiles/cmTC_a449c.dir/link.txt --verbose=1
/usr/bin/c++       CMakeFiles/cmTC_a449c.dir/CheckSymbolExists.cxx.o  -o cmTC_a449c 
CMakeFiles/cmTC_a449c.dir/CheckSymbolExists.cxx.o: In function `main':
CheckSymbolExists.cxx:(.text+0x16): undefined reference to `pthread_create'
collect2: error: ld returned 1 exit status
make[1]: *** [cmTC_a449c] Error 1
make[1]: Leaving directory `/home/leonardo/cuda-workspace/GAMMA_raw/CMakeFiles/CMakeTmp'
make: *** [cmTC_a449c/fast] Error 2

File /home/leonardo/cuda-workspace/GAMMA_raw/CMakeFiles/CMakeTmp/CheckSymbolExists.cxx:
/* */
#include <pthread.h>

int main(int argc, char** argv)
{
  (void)argv;
#ifndef pthread_create
  return ((int*)(&pthread_create))[argc];
#else
  (void)argc;
  return 0;
#endif
}

Determining if the function pthread_create exists in the pthreads failed with the following output:
Change Dir: /home/leonardo/cuda-workspace/GAMMA_raw/CMakeFiles/CMakeTmp

Run Build Command:"/usr/bin/make" "cmTC_8c42c/fast"
/usr/bin/make -f CMakeFiles/cmTC_8c42c.dir/build.make CMakeFiles/cmTC_8c42c.dir/build
make[1]: Entering directory `/home/leonardo/cuda-workspace/GAMMA_raw/CMakeFiles/CMakeTmp'
Building CXX object CMakeFiles/cmTC_8c42c.dir/CheckFunctionExists.cxx.o
/usr/bin/c++    -DCHECK_FUNCTION_EXISTS=pthread_create   -o CMakeFiles/cmTC_8c42c.dir/CheckFunctionExists.cxx.o -c /home/leonardo/cuda-workspace/GAMMA_raw/CMakeFiles/CheckLibraryExists/CheckFunctionExists.cxx
Linking CXX executable cmTC_8c42c
/usr/local/bin/cmake -E cmake_link_script CMakeFiles/cmTC_8c42c.dir/link.txt --verbose=1
/usr/bin/c++   -DCHECK_FUNCTION_EXISTS=pthread_create    CMakeFiles/cmTC_8c42c.dir/CheckFunctionExists.cxx.o  -o cmTC_8c42c -lpthreads 
/usr/bin/ld: cannot find -lpthreads
collect2: error: ld returned 1 exit status
make[1]: *** [cmTC_8c42c] Error 1
make[1]: Leaving directory `/home/leonardo/cuda-workspace/GAMMA_raw/CMakeFiles/CMakeTmp'
make: *** [cmTC_8c42c/fast] Error 2


